<?xml version="1.0" encoding="UTF-8"?>
<!-- Generated by org.testng.reporters.JUnitReportReporter -->
<testsuite skipped="0" hostname="DESKTOP-BG72KB0" name="test.Tester" tests="3" failures="0" timestamp="2020-05-17T03:42:33 EDT" time="0.024" errors="0">
  <testcase name="fast" time="0.002" classname="test.Tester"/>
  <system-out/>
  <testcase name="fast" time="0.003" classname="test.Tester"/>
  <system-out/>
  <testcase name="fast" time="0.019" classname="test.Tester"/>
  <system-out/>
</testsuite> <!-- test.Tester -->
